[27-Sep-2016 08:38:32 CST6CDT] mail() on [/home/site4clientdemo/public_html/yago/mail.php:11]: To: k.vivek@newvisiondigital.co -- Headers: From:
[27-Sep-2016 08:38:59 CST6CDT] mail() on [/home/site4clientdemo/public_html/yago/mail.php:11]: To: k.vivek@newvisiondigital.co -- Headers: From: vik@gmail.com
[27-Sep-2016 08:39:03 CST6CDT] mail() on [/home/site4clientdemo/public_html/yago/mail.php:11]: To: k.vivek@newvisiondigital.co -- Headers: From: vik@gmail.com
[27-Sep-2016 08:44:37 CST6CDT] mail() on [/home/site4clientdemo/public_html/yago/mail.php:11]: To: k.vivek@newvisiondigital.co -- Headers: From: vik@gmail.com
[27-Sep-2016 08:45:59 CST6CDT] mail() on [/home/site4clientdemo/public_html/yago/mail.php:11]: To: k.vivek@newvisiondigital.co -- Headers: From: vik@gmail.com
[27-Sep-2016 08:46:56 CST6CDT] mail() on [/home/site4clientdemo/public_html/yago/mail.php:11]: To: k.vivek@newvisiondigital.co -- Headers: From: vik@gmail.com
[29-Sep-2016 00:50:38 CST6CDT] mail() on [/home/site4clientdemo/public_html/yago/mail.php:11]: To: k.vivek@newvisiondigital.co -- Headers: From:
[29-Sep-2016 00:51:16 CST6CDT] mail() on [/home/site4clientdemo/public_html/yago/mail.php:11]: To: k.vivek@newvisiondigital.co -- Headers: From: k@gmail.com
[29-Sep-2016 01:02:07 CST6CDT] mail() on [/home/site4clientdemo/public_html/yago/mail.php:11]: To: k.vivek@newvisiondigital.co -- Headers: From: ku@gmail.co0m
[29-Sep-2016 01:13:02 CST6CDT] mail() on [/home/site4clientdemo/public_html/yago/mail.php:11]: To: k.vivek@newvisiondigital.co -- Headers: From: vivek@gmail.com
[29-Sep-2016 01:14:30 CST6CDT] mail() on [/home/site4clientdemo/public_html/yago/mail.php:11]: To: k.vivek@newvisiondigital.co -- Headers: From:
[29-Sep-2016 01:15:06 CST6CDT] mail() on [/home/site4clientdemo/public_html/yago/mail.php:11]: To: k.vivek@newvisiondigital.co -- Headers: From: vivek@gmail.com
[29-Sep-2016 01:17:16 CST6CDT] mail() on [/home/site4clientdemo/public_html/yago/mail.php:11]: To: k.vivek@newvisiondigital.co -- Headers: From: vivek@gmail.com
[29-Sep-2016 01:20:57 CST6CDT] mail() on [/home/site4clientdemo/public_html/yago/mail.php:11]: To: k.vivek@newvisiondigital.co -- Headers: From:
[29-Sep-2016 01:22:20 CST6CDT] mail() on [/home/site4clientdemo/public_html/yago/mail.php:11]: To: k.vivek@newvisiondigital.co -- Headers: From: segesrg
[29-Sep-2016 01:23:08 CST6CDT] mail() on [/home/site4clientdemo/public_html/yago/mail.php:11]: To: k.vivek@newvisiondigital.co -- Headers: From: vivek@gmail.com
[29-Sep-2016 01:24:27 CST6CDT] mail() on [/home/site4clientdemo/public_html/yago/mail.php:11]: To: k.vivek@newvisiondigital.co -- Headers: From: vivek@gmail.com
[29-Sep-2016 01:25:55 CST6CDT] mail() on [/home/site4clientdemo/public_html/yago/mail.php:11]: To: k.vivek@newvisiondigital.co -- Headers: From: asad@gm
[29-Sep-2016 01:30:02 CST6CDT] mail() on [/home/site4clientdemo/public_html/yago/mail.php:11]: To: k.vivek@newvisiondigital.co -- Headers: From: vivek@gmail.com
[29-Sep-2016 01:31:56 CST6CDT] mail() on [/home/site4clientdemo/public_html/yago/mail.php:11]: To: k.vivek@newvisiondigital.co -- Headers: From: asdsa
[29-Sep-2016 01:32:43 CST6CDT] mail() on [/home/site4clientdemo/public_html/yago/mail.php:11]: To: k.vivek@newvisiondigital.co -- Headers: From:
[29-Sep-2016 01:33:37 CST6CDT] mail() on [/home/site4clientdemo/public_html/yago/mail.php:11]: To: k.vivek@newvisiondigital.co -- Headers: From: vik@gmail.com
[29-Sep-2016 01:34:51 CST6CDT] mail() on [/home/site4clientdemo/public_html/yago/mail.php:11]: To: k.vivek@newvisiondigital.co -- Headers: From: vivek@gmail.com
[29-Sep-2016 01:35:36 CST6CDT] mail() on [/home/site4clientdemo/public_html/yago/mail.php:11]: To: k.vivek@newvisiondigital.co -- Headers: From: xcvb
[29-Sep-2016 01:36:16 CST6CDT] mail() on [/home/site4clientdemo/public_html/yago/mail.php:11]: To: k.vivek@newvisiondigital.co -- Headers: From: vmn
[30-Sep-2016 01:22:14 CST6CDT] mail() on [/home/site4clientdemo/public_html/yago/index.php:30]: To: vikrant@newvisiondigital.co -- Headers: From:
[30-Sep-2016 01:23:41 CST6CDT] mail() on [/home/site4clientdemo/public_html/yago/index.php:30]: To: vikrant@newvisiondigital.co -- Headers: From: vik@gmai.ghh
[30-Sep-2016 01:24:49 CST6CDT] mail() on [/home/site4clientdemo/public_html/yago/index.php:30]: To: vikrant@newvisiondigital.co -- Headers: From: vik@gmai.ghh
